SF:lib\src\avengers_module.dart
DA:15,1
DA:16,1
DA:18,1
DA:19,0
DA:23,1
DA:24,0
DA:28,1
DA:31,1
DA:32,1
DA:33,0
DA:37,1
DA:40,1
DA:41,1
DA:42,1
DA:44,0
LF:15
LH:11
end_of_record
SF:lib\src\config\avengers_routes.dart
DA:6,1
DA:7,1
LF:2
LH:2
end_of_record
SF:lib\src\data\services\app_http_client\app_http_client_service_impl.dart
DA:10,0
DA:12,0
DA:13,0
DA:16,0
DA:17,0
DA:18,0
DA:19,0
DA:20,0
DA:21,0
DA:22,0
DA:23,0
DA:24,0
DA:25,0
DA:28,0
DA:29,0
DA:30,0
DA:31,0
DA:32,0
DA:33,0
DA:34,0
DA:37,0
DA:38,0
DA:39,0
DA:40,0
DA:41,0
DA:42,0
DA:43,0
DA:46,0
DA:47,0
DA:48,0
DA:49,0
DA:50,0
DA:51,0
DA:52,0
DA:55,0
DA:56,0
DA:58,0
DA:65,0
DA:69,0
DA:75,0
DA:81,0
DA:83,0
DA:85,0
DA:87,0
DA:94,0
DA:97,0
DA:103,0
DA:110,0
DA:114,0
DA:120,0
DA:126,0
DA:130,0
DA:134,0
DA:140,0
DA:144,0
DA:148,0
DA:155,0
DA:159,0
DA:165,0
DA:172,0
DA:176,0
LF:61
LH:0
end_of_record
SF:lib\src\ui\pages\home\home_bloc.dart
DA:8,2
DA:10,1
DA:11,1
DA:12,1
DA:13,1
DA:14,2
DA:15,1
DA:16,1
DA:17,1
DA:18,2
DA:20,4
DA:23,0
LF:12
LH:11
end_of_record
SF:lib\src\ui\pages\home\home_page.dart
DA:17,10
DA:19,1
DA:20,1
DA:26,1
DA:28,1
DA:29,3
DA:30,2
DA:33,1
DA:35,1
DA:37,1
DA:38,1
DA:39,0
DA:49,1
DA:51,1
DA:52,1
DA:55,1
DA:59,1
DA:60,1
DA:61,1
DA:64,1
DA:65,1
DA:70,1
DA:71,1
DA:74,1
DA:75,1
DA:77,1
DA:80,1
DA:81,1
DA:83,1
DA:84,1
DA:85,1
DA:86,1
DA:92,1
DA:96,4
DA:105,1
DA:106,1
DA:107,1
DA:108,1
DA:110,1
DA:111,1
DA:112,2
DA:113,1
DA:114,1
DA:115,1
DA:121,3
DA:122,1
DA:124,1
DA:126,1
DA:127,1
DA:128,1
DA:129,1
DA:130,1
LF:52
LH:51
end_of_record
SF:lib\src\data\datasources\marvel_films\marvel_films_datasource_impl.dart
DA:10,1
DA:12,1
DA:16,2
DA:18,2
DA:20,4
DA:21,1
DA:22,2
DA:24,2
LF:8
LH:8
end_of_record
SF:lib\src\data\models\marvel_film_model.dart
DA:4,5
DA:21,2
DA:22,2
DA:24,4
DA:25,4
DA:26,4
DA:27,4
DA:28,4
DA:29,4
DA:30,4
DA:31,4
DA:32,2
DA:33,4
DA:34,4
DA:35,4
DA:36,4
DA:37,4
DA:38,4
DA:42,2
DA:43,2
DA:44,2
DA:45,2
DA:46,2
DA:47,2
DA:48,2
DA:49,2
DA:50,2
DA:51,2
DA:52,4
DA:53,2
DA:54,2
DA:55,2
DA:56,2
DA:57,2
LF:34
LH:34
end_of_record
SF:lib\src\shared\errors\base_error.dart
DA:5,5
DA:7,0
DA:9,0
LF:3
LH:1
end_of_record
SF:lib\src\data\helpers\marvel_films_helper.dart
DA:9,1
DA:10,3
DA:11,1
DA:12,1
DA:14,1
DA:15,1
DA:20,1
DA:21,2
DA:22,1
DA:24,0
DA:25,0
DA:26,0
DA:27,0
DA:28,0
DA:31,0
DA:36,0
DA:37,0
DA:38,0
LF:18
LH:9
end_of_record
SF:lib\src\data\helpers\storage_helper.dart
DA:5,0
DA:6,0
DA:9,1
DA:13,2
DA:15,2
DA:16,1
DA:18,0
DA:22,0
DA:23,0
DA:25,0
DA:29,0
DA:31,0
DA:33,0
DA:34,0
DA:44,0
DA:46,0
DA:48,0
DA:49,0
DA:51,0
LF:19
LH:4
end_of_record
SF:lib\src\domain\entities\marvel_film_entity.dart
DA:19,6
DA:36,1
DA:37,1
DA:38,1
DA:39,1
DA:40,1
DA:41,1
DA:42,1
DA:43,1
DA:44,1
DA:45,1
DA:46,1
DA:47,1
DA:48,1
DA:49,1
DA:50,1
DA:51,1
LF:17
LH:17
end_of_record
SF:lib\src\data\repositories\marvel_films_repository_impl.dart
DA:10,1
DA:12,1
DA:15,2
DA:17,1
DA:18,1
DA:19,1
DA:21,3
LF:7
LH:7
end_of_record
SF:lib\src\shared\result_wrapper\result_wrapper.dart
DA:9,4
DA:10,4
DA:11,0
DA:14,4
DA:15,0
DA:19,6
DA:21,6
DA:23,8
DA:25,6
DA:32,8
DA:39,8
DA:45,0
LF:12
LH:9
end_of_record
SF:lib\src\data\services\json_file_service\json_file_service.dart
DA:6,0
DA:7,0
DA:8,0
LF:3
LH:0
end_of_record
SF:lib\src\domain\usecases\marvel_films\marvel_films_usecase_impl.dart
DA:9,1
DA:11,1
DA:13,2
LF:3
LH:3
end_of_record
SF:lib\src\ui\blocs\states\base_page_state.dart
DA:6,10
DA:8,0
DA:9,0
DA:11,0
DA:18,2
DA:20,0
DA:21,0
DA:23,0
DA:30,2
DA:32,0
DA:33,0
DA:35,0
DA:42,0
DA:44,0
DA:45,0
DA:47,0
DA:54,10
DA:56,0
DA:57,0
DA:59,0
LF:20
LH:4
end_of_record
SF:lib\src\ui\components\base_button.dart
DA:4,1
DA:15,1
DA:27,1
DA:29,1
DA:30,1
DA:31,1
DA:32,1
DA:33,1
DA:34,1
DA:35,2
DA:38,2
DA:39,2
LF:12
LH:12
end_of_record
SF:lib\src\ui\components\custom_behavior.dart
DA:4,1
LF:1
LH:1
end_of_record
SF:lib\src\ui\components\custom_icon.dart
DA:16,9
DA:24,0
DA:26,0
DA:34,0
DA:36,1
DA:38,1
DA:39,1
DA:40,1
DA:41,3
DA:42,1
DA:43,2
DA:45,1
DA:46,1
LF:13
LH:10
end_of_record
SF:lib\src\ui\components\custom_image.dart
DA:14,9
DA:21,0
DA:23,0
DA:25,0
DA:26,0
DA:27,0
DA:28,0
DA:29,0
DA:30,0
DA:34,1
DA:35,1
DA:36,3
LF:12
LH:4
end_of_record
SF:lib\src\ui\components\custom_shimmer.dart
DA:13,1
DA:22,1
DA:24,1
DA:26,1
DA:27,0
DA:29,1
DA:30,1
DA:31,1
DA:32,2
DA:33,2
DA:34,1
LF:11
LH:10
end_of_record
SF:lib\src\ui\pages\home\components\home_banner.dart
DA:8,1
DA:12,1
DA:14,1
DA:16,1
DA:19,1
DA:20,1
DA:21,1
DA:22,1
DA:25,2
DA:26,1
DA:27,0
DA:31,1
DA:32,2
DA:33,4
DA:38,1
DA:39,4
DA:40,4
LF:17
LH:16
end_of_record
SF:lib\src\ui\pages\home\components\skeleton_home_banner.dart
DA:6,9
DA:8,1
DA:27,18
DA:29,1
DA:31,1
DA:33,1
DA:34,1
DA:36,1
DA:42,1
DA:48,9
DA:52,1
DA:54,1
DA:56,1
DA:57,1
DA:59,1
DA:63,1
DA:65,1
LF:17
LH:17
end_of_record
SF:lib\src\ui\pages\home\components\home_error_widget.dart
DA:7,1
DA:11,1
DA:13,1
DA:15,1
DA:18,1
DA:19,1
DA:21,1
DA:22,1
DA:23,1
DA:24,1
DA:27,2
LF:11
LH:11
end_of_record
SF:lib\src\data\services\custom_localization\custom_localization.dart
DA:8,0
DA:9,0
DA:21,1
DA:30,0
DA:31,0
DA:34,1
DA:35,1
DA:38,0
DA:41,0
DA:42,0
DA:44,0
DA:45,0
DA:46,0
DA:47,0
DA:50,0
DA:51,0
DA:52,0
DA:53,0
DA:55,0
DA:58,0
DA:59,0
DA:61,0
DA:69,1
DA:73,1
DA:75,5
DA:77,1
DA:79,2
DA:80,1
DA:81,1
DA:83,0
DA:89,0
LF:31
LH:10
end_of_record
